Base path: C:/Program Files (x86)/Unity/Editor/Data
Pipe name: \\.\pipe\UnityShaderCompiler-1-9880
Cmd: getPlatforms
Cmd: preprocess
  insize=1725 outsize=1007 ok=1
Cmd: compileSnippet
  api=4 type=0 insize=1020 outsize=1274 kw= ok=1
Cmd: compileSnippet
  api=4 type=1 insize=1020 outsize=908 kw= ok=1
Cmd: preprocess
  insize=4102 outsize=3220 ok=1
Cmd: compileSnippet
  api=4 type=0 insize=1186 outsize=2834 kw= ok=1
Cmd: compileSnippet
  api=4 type=1 insize=1186 outsize=4638 kw= ok=1
Cmd: preprocess
  insize=4935 outsize=3485 ok=1
Cmd: compileSnippet
  api=4 type=0 insize=1305 outsize=2306 kw=DIRECTIONAL SHADOWS_OFF LIGHTMAP_OFF DIRLIGHTMAP_OFF ok=1
Cmd: compileSnippet
  api=4 type=1 insize=1305 outsize=5337 kw=DIRECTIONAL SHADOWS_OFF LIGHTMAP_OFF DIRLIGHTMAP_OFF ok=1
Cmd: preprocess
  insize=4047 outsize=3220 ok=1
Cmd: compileSnippet
  api=4 type=0 insize=1131 outsize=2379 kw= ok=1
Cmd: compileSnippet
  api=4 type=1 insize=1131 outsize=5402 kw= ok=1
Cmd: preprocess
  insize=4031 outsize=3206 ok=1
Cmd: compileSnippet
  api=4 type=0 insize=1129 outsize=2379 kw= ok=1
Cmd: compileSnippet
  api=4 type=1 insize=1129 outsize=5987 kw= ok=1
Cmd: preprocess
  insize=4057 outsize=3228 ok=1
Cmd: compileSnippet
  api=4 type=0 insize=1133 outsize=2022 kw= ok=1
Cmd: compileSnippet
  api=4 type=1 insize=1133 outsize=3614 kw= ok=1
Cmd: preprocess
  insize=4063 outsize=3201 ok=1
Cmd: compileSnippet
  api=4 type=0 insize=1200 outsize=2306 kw=DIRECTIONAL SHADOWS_OFF LIGHTMAP_OFF DIRLIGHTMAP_OFF FLOWMAP_ANIMATION_ON ok=1
Cmd: compileSnippet
  api=4 type=1 insize=1200 outsize=8660 kw=DIRECTIONAL SHADOWS_OFF LIGHTMAP_OFF DIRLIGHTMAP_OFF FLOWMAP_ANIMATION_ON ok=1
Cmd: preprocess
  insize=1447 outsize=1023 ok=1
Cmd: compileSnippet
  api=4 type=0 insize=5496 outsize=2948 kw=DIRECTIONAL SHADOWS_OFF LIGHTMAP_OFF DIRLIGHTMAP_OFF ok=1
Cmd: compileSnippet
  api=4 type=1 insize=5496 outsize=1908 kw=DIRECTIONAL SHADOWS_OFF LIGHTMAP_OFF DIRLIGHTMAP_OFF ok=1
Cmd: compileSnippet
  api=4 type=0 insize=3444 outsize=3216 kw=POINT ok=1
Cmd: compileSnippet
  api=4 type=1 insize=3444 outsize=2208 kw=POINT ok=1
Cmd: preprocess
  insize=4026 outsize=3207 ok=1
Cmd: compileSnippet
  api=4 type=0 insize=1157 outsize=2306 kw=DIRECTIONAL SHADOWS_OFF LIGHTMAP_OFF DIRLIGHTMAP_OFF FLOWMAP_ANIMATION_ON ok=1
Cmd: compileSnippet
  api=4 type=1 insize=1157 outsize=9115 kw=DIRECTIONAL SHADOWS_OFF LIGHTMAP_OFF DIRLIGHTMAP_OFF FLOWMAP_ANIMATION_ON ok=1
Cmd: preprocess
  insize=4049 outsize=3222 ok=1
Cmd: preprocess
  insize=5573 outsize=4131 ok=1
Cmd: compileSnippet
  api=4 type=0 insize=1297 outsize=2306 kw=DIRECTIONAL SHADOWS_OFF LIGHTMAP_OFF DIRLIGHTMAP_OFF FLOWMAP_ANIMATION_ON ok=1
Cmd: compileSnippet
  api=4 type=1 insize=1297 outsize=9107 kw=DIRECTIONAL SHADOWS_OFF LIGHTMAP_OFF DIRLIGHTMAP_OFF FLOWMAP_ANIMATION_ON ok=1
Cmd: compileSnippet
  api=4 type=0 insize=3444 outsize=2192 kw=DIRECTIONAL ok=1
Cmd: compileSnippet
  api=4 type=1 insize=3444 outsize=1794 kw=DIRECTIONAL ok=1
